[ 2016-07-29T22:50:59+08:00 ] 127.0.0.1 /QILUSoftware/Public/css/images/icons/button-icons.png
INFO: [ app_init ] --START--
INFO: Run Behavior\BuildLiteBehavior [ RunTime:0.000012s ]
INFO: [ app_init ] --END-- [ RunTime:0.000327s ]
ERR: 无法加载模块:Public

[ 2016-07-29T22:50:59+08:00 ] 127.0.0.1 /QILUSoftware/Public/css/images/slider-controls.png
INFO: [ app_init ] --START--
INFO: Run Behavior\BuildLiteBehavior [ RunTime:0.000015s ]
INFO: [ app_init ] --END-- [ RunTime:0.000373s ]
ERR: 无法加载模块:Public

[ 2016-07-29T22:51:34+08:00 ] 127.0.0.1 /QILUSoftware/Public/css/images/icons/button-icons.png
INFO: [ app_init ] --START--
INFO: Run Behavior\BuildLiteBehavior [ RunTime:0.000016s ]
INFO: [ app_init ] --END-- [ RunTime:0.000345s ]
ERR: 无法加载模块:Public

[ 2016-07-29T22:51:34+08:00 ] 127.0.0.1 /QILUSoftware/Public/css/images/slider-controls.png
INFO: [ app_init ] --START--
INFO: Run Behavior\BuildLiteBehavior [ RunTime:0.000012s ]
INFO: [ app_init ] --END-- [ RunTime:0.000261s ]
ERR: 无法加载模块:Public

[ 2016-07-29T22:51:35+08:00 ] 127.0.0.1 /QILUSoftware/Public/css/images/icons/button-icons.png
INFO: [ app_init ] --START--
INFO: Run Behavior\BuildLiteBehavior [ RunTime:0.000015s ]
INFO: [ app_init ] --END-- [ RunTime:0.000350s ]
ERR: 无法加载模块:Public

[ 2016-07-29T22:51:35+08:00 ] 127.0.0.1 /QILUSoftware/Public/css/images/slider-controls.png
INFO: [ app_init ] --START--
INFO: Run Behavior\BuildLiteBehavior [ RunTime:0.000015s ]
INFO: [ app_init ] --END-- [ RunTime:0.000350s ]
ERR: 无法加载模块:Public

[ 2016-07-29T22:51:36+08:00 ] 127.0.0.1 /QILUSoftware/Public/css/images/icons/button-icons.png
INFO: [ app_init ] --START--
INFO: Run Behavior\BuildLiteBehavior [ RunTime:0.000016s ]
INFO: [ app_init ] --END-- [ RunTime:0.000356s ]
ERR: 无法加载模块:Public

[ 2016-07-29T22:51:36+08:00 ] 127.0.0.1 /QILUSoftware/Public/css/images/slider-controls.png
INFO: [ app_init ] --START--
INFO: Run Behavior\BuildLiteBehavior [ RunTime:0.000014s ]
INFO: [ app_init ] --END-- [ RunTime:0.000339s ]
ERR: 无法加载模块:Public

